[2020-07-24 18:35:46.288] [renderer1] [error] Error: [File Watcher (node.js)] Error: ENOENT: no such file or directory, stat '/home/immanuwel/ANGULAR/defiOpenclassroom/~vscode-root/logs/20200724T183120'
[2020-07-24 18:35:46.288] [renderer1] [error] [File Watcher (node.js)] Error: ENOENT: no such file or directory, stat '/home/immanuwel/ANGULAR/defiOpenclassroom/~vscode-root/logs/20200724T183120'
[2020-07-24 18:35:53.533] [renderer1] [error] Error: Unable to read file '/home/immanuwel/.vscode/extensions/hridoy.rails-snippets-1.0.8/snippets/denug/log.json' (EntryNotFound (FileSystemError): Error: ENOENT: no such file or directory, open '/home/immanuwel/.vscode/extensions/hridoy.rails-snippets-1.0.8/snippets/denug/log.json')
    at b.doReadAsFileStream (file:///usr/share/code/resources/app/out/vs/workbench/workbench.desktop.main.js:1695:7) file:///home/immanuwel/.vscode/extensions/hridoy.rails-snippets-1.0.8/snippets/denug/log.json
[2020-07-24 18:35:53.533] [renderer1] [error] Error: Unable to read file '/home/immanuwel/.vscode/extensions/hridoy.rails-snippets-1.0.8/snippets/helper/form-bootstrap.json' (EntryNotFound (FileSystemError): Error: ENOENT: no such file or directory, open '/home/immanuwel/.vscode/extensions/hridoy.rails-snippets-1.0.8/snippets/helper/form-bootstrap.json')
    at b.doReadAsFileStream (file:///usr/share/code/resources/app/out/vs/workbench/workbench.desktop.main.js:1695:7) file:///home/immanuwel/.vscode/extensions/hridoy.rails-snippets-1.0.8/snippets/helper/form-bootstrap.json
[2020-07-24 18:35:54.122] [renderer1] [error] Error: Unable to read file '/home/immanuwel/.vscode/extensions/hridoy.rails-snippets-1.0.8/snippets/denug/log.json' (EntryNotFound (FileSystemError): Error: ENOENT: no such file or directory, open '/home/immanuwel/.vscode/extensions/hridoy.rails-snippets-1.0.8/snippets/denug/log.json')
    at b.doReadAsFileStream (file:///usr/share/code/resources/app/out/vs/workbench/workbench.desktop.main.js:1695:7) file:///home/immanuwel/.vscode/extensions/hridoy.rails-snippets-1.0.8/snippets/denug/log.json
[2020-07-24 18:35:54.122] [renderer1] [error] Error: Unable to read file '/home/immanuwel/.vscode/extensions/hridoy.rails-snippets-1.0.8/snippets/helper/form-bootstrap.json' (EntryNotFound (FileSystemError): Error: ENOENT: no such file or directory, open '/home/immanuwel/.vscode/extensions/hridoy.rails-snippets-1.0.8/snippets/helper/form-bootstrap.json')
    at b.doReadAsFileStream (file:///usr/share/code/resources/app/out/vs/workbench/workbench.desktop.main.js:1695:7) file:///home/immanuwel/.vscode/extensions/hridoy.rails-snippets-1.0.8/snippets/helper/form-bootstrap.json
[2020-07-24 18:35:54.942] [renderer1] [error] Error: Unable to read file '/home/immanuwel/.vscode/extensions/hridoy.rails-snippets-1.0.8/snippets/denug/log.json' (EntryNotFound (FileSystemError): Error: ENOENT: no such file or directory, open '/home/immanuwel/.vscode/extensions/hridoy.rails-snippets-1.0.8/snippets/denug/log.json')
    at b.doReadAsFileStream (file:///usr/share/code/resources/app/out/vs/workbench/workbench.desktop.main.js:1695:7) file:///home/immanuwel/.vscode/extensions/hridoy.rails-snippets-1.0.8/snippets/denug/log.json
[2020-07-24 18:35:54.942] [renderer1] [error] Error: Unable to read file '/home/immanuwel/.vscode/extensions/hridoy.rails-snippets-1.0.8/snippets/helper/form-bootstrap.json' (EntryNotFound (FileSystemError): Error: ENOENT: no such file or directory, open '/home/immanuwel/.vscode/extensions/hridoy.rails-snippets-1.0.8/snippets/helper/form-bootstrap.json')
    at b.doReadAsFileStream (file:///usr/share/code/resources/app/out/vs/workbench/workbench.desktop.main.js:1695:7) file:///home/immanuwel/.vscode/extensions/hridoy.rails-snippets-1.0.8/snippets/helper/form-bootstrap.json
[2020-07-24 18:35:56.656] [renderer1] [error] Error: Unable to read file '/home/immanuwel/.vscode/extensions/hridoy.rails-snippets-1.0.8/snippets/denug/log.json' (EntryNotFound (FileSystemError): Error: ENOENT: no such file or directory, open '/home/immanuwel/.vscode/extensions/hridoy.rails-snippets-1.0.8/snippets/denug/log.json')
    at b.doReadAsFileStream (file:///usr/share/code/resources/app/out/vs/workbench/workbench.desktop.main.js:1695:7) file:///home/immanuwel/.vscode/extensions/hridoy.rails-snippets-1.0.8/snippets/denug/log.json
[2020-07-24 18:35:56.656] [renderer1] [error] Error: Unable to read file '/home/immanuwel/.vscode/extensions/hridoy.rails-snippets-1.0.8/snippets/helper/form-bootstrap.json' (EntryNotFound (FileSystemError): Error: ENOENT: no such file or directory, open '/home/immanuwel/.vscode/extensions/hridoy.rails-snippets-1.0.8/snippets/helper/form-bootstrap.json')
    at b.doReadAsFileStream (file:///usr/share/code/resources/app/out/vs/workbench/workbench.desktop.main.js:1695:7) file:///home/immanuwel/.vscode/extensions/hridoy.rails-snippets-1.0.8/snippets/helper/form-bootstrap.json
[2020-07-24 18:39:43.264] [renderer1] [error] Cannot read property 'document' of undefined: TypeError: Cannot read property 'document' of undefined
    at f (/home/immanuwel/.vscode/extensions/yzhang.markdown-all-in-one-3.1.0/dist/extension.js:1:266888)
    at m (/home/immanuwel/.vscode/extensions/yzhang.markdown-all-in-one-3.1.0/dist/extension.js:1:263964)
    at g (/home/immanuwel/.vscode/extensions/yzhang.markdown-all-in-one-3.1.0/dist/extension.js:1:265680)
    at v.provideCodeLenses (/home/immanuwel/.vscode/extensions/yzhang.markdown-all-in-one-3.1.0/dist/extension.js:1:268444)
    at /usr/share/code/resources/app/out/vs/workbench/services/extensions/node/extensionHostProcess.js:666:744
    at /usr/share/code/resources/app/out/vs/workbench/services/extensions/node/extensionHostProcess.js:51:761
    at new Promise (<anonymous>)
    at Object.t.asPromise (/usr/share/code/resources/app/out/vs/workbench/services/extensions/node/extensionHostProcess.js:51:733)
    at _.provideCodeLenses (/usr/share/code/resources/app/out/vs/workbench/services/extensions/node/extensionHostProcess.js:666:715)
    at /usr/share/code/resources/app/out/vs/workbench/services/extensions/node/extensionHostProcess.js:687:816
    at K._withAdapter (/usr/share/code/resources/app/out/vs/workbench/services/extensions/node/extensionHostProcess.js:686:499)
    at K.$provideCodeLenses (/usr/share/code/resources/app/out/vs/workbench/services/extensions/node/extensionHostProcess.js:687:794)
    at m._doInvokeHandler (/usr/share/code/resources/app/out/vs/workbench/services/extensions/node/extensionHostProcess.js:801:683)
    at m._invokeHandler (/usr/share/code/resources/app/out/vs/workbench/services/extensions/node/extensionHostProcess.js:801:375)
    at m._receiveRequest (/usr/share/code/resources/app/out/vs/workbench/services/extensions/node/extensionHostProcess.js:799:953)
    at m._receiveOneMessage (/usr/share/code/resources/app/out/vs/workbench/services/extensions/node/extensionHostProcess.js:798:832)
    at /usr/share/code/resources/app/out/vs/workbench/services/extensions/node/extensionHostProcess.js:797:34
    at l.fire (/usr/share/code/resources/app/out/vs/workbench/services/extensions/node/extensionHostProcess.js:45:801)
    at v.fire (/usr/share/code/resources/app/out/vs/workbench/services/extensions/node/extensionHostProcess.js:235:849)
    at /usr/share/code/resources/app/out/vs/workbench/services/extensions/node/extensionHostProcess.js:975:744
    at l.fire (/usr/share/code/resources/app/out/vs/workbench/services/extensions/node/extensionHostProcess.js:45:801)
    at v.fire (/usr/share/code/resources/app/out/vs/workbench/services/extensions/node/extensionHostProcess.js:235:849)
    at t.PersistentProtocol._receiveMessage (/usr/share/code/resources/app/out/vs/workbench/services/extensions/node/extensionHostProcess.js:240:276)
    at /usr/share/code/resources/app/out/vs/workbench/services/extensions/node/extensionHostProcess.js:237:357
    at l.fire (/usr/share/code/resources/app/out/vs/workbench/services/extensions/node/extensionHostProcess.js:45:801)
    at p.acceptChunk (/usr/share/code/resources/app/out/vs/workbench/services/extensions/node/extensionHostProcess.js:233:393)
    at /usr/share/code/resources/app/out/vs/workbench/services/extensions/node/extensionHostProcess.js:232:753
    at Socket.t (/usr/share/code/resources/app/out/vs/workbench/services/extensions/node/extensionHostProcess.js:241:826)
    at Socket.emit (events.js:203:13)
    at addChunk (_stream_readable.js:295:12)
    at readableAddChunk (_stream_readable.js:276:11)
    at Socket.Readable.push (_stream_readable.js:210:10)
    at Pipe.onStreamRead (internal/stream_base_commons.js:166:17)
[2020-07-24 18:39:45.848] [renderer1] [error] Error: Unable to read file '/home/immanuwel/.vscode/extensions/hridoy.rails-snippets-1.0.8/snippets/denug/log.json' (EntryNotFound (FileSystemError): Error: ENOENT: no such file or directory, open '/home/immanuwel/.vscode/extensions/hridoy.rails-snippets-1.0.8/snippets/denug/log.json')
    at b.doReadAsFileStream (file:///usr/share/code/resources/app/out/vs/workbench/workbench.desktop.main.js:1695:7) file:///home/immanuwel/.vscode/extensions/hridoy.rails-snippets-1.0.8/snippets/denug/log.json
[2020-07-24 18:39:45.849] [renderer1] [error] Error: Unable to read file '/home/immanuwel/.vscode/extensions/hridoy.rails-snippets-1.0.8/snippets/helper/form-bootstrap.json' (EntryNotFound (FileSystemError): Error: ENOENT: no such file or directory, open '/home/immanuwel/.vscode/extensions/hridoy.rails-snippets-1.0.8/snippets/helper/form-bootstrap.json')
    at b.doReadAsFileStream (file:///usr/share/code/resources/app/out/vs/workbench/workbench.desktop.main.js:1695:7) file:///home/immanuwel/.vscode/extensions/hridoy.rails-snippets-1.0.8/snippets/helper/form-bootstrap.json
[2020-07-24 18:39:46.784] [renderer1] [error] Error: Unable to read file '/home/immanuwel/.vscode/extensions/hridoy.rails-snippets-1.0.8/snippets/denug/log.json' (EntryNotFound (FileSystemError): Error: ENOENT: no such file or directory, open '/home/immanuwel/.vscode/extensions/hridoy.rails-snippets-1.0.8/snippets/denug/log.json')
    at b.doReadAsFileStream (file:///usr/share/code/resources/app/out/vs/workbench/workbench.desktop.main.js:1695:7) file:///home/immanuwel/.vscode/extensions/hridoy.rails-snippets-1.0.8/snippets/denug/log.json
[2020-07-24 18:39:46.784] [renderer1] [error] Error: Unable to read file '/home/immanuwel/.vscode/extensions/hridoy.rails-snippets-1.0.8/snippets/helper/form-bootstrap.json' (EntryNotFound (FileSystemError): Error: ENOENT: no such file or directory, open '/home/immanuwel/.vscode/extensions/hridoy.rails-snippets-1.0.8/snippets/helper/form-bootstrap.json')
    at b.doReadAsFileStream (file:///usr/share/code/resources/app/out/vs/workbench/workbench.desktop.main.js:1695:7) file:///home/immanuwel/.vscode/extensions/hridoy.rails-snippets-1.0.8/snippets/helper/form-bootstrap.json
[2020-07-24 18:39:48.032] [renderer1] [error] Error: Unable to read file '/home/immanuwel/.vscode/extensions/hridoy.rails-snippets-1.0.8/snippets/denug/log.json' (EntryNotFound (FileSystemError): Error: ENOENT: no such file or directory, open '/home/immanuwel/.vscode/extensions/hridoy.rails-snippets-1.0.8/snippets/denug/log.json')
    at b.doReadAsFileStream (file:///usr/share/code/resources/app/out/vs/workbench/workbench.desktop.main.js:1695:7) file:///home/immanuwel/.vscode/extensions/hridoy.rails-snippets-1.0.8/snippets/denug/log.json
[2020-07-24 18:39:48.032] [renderer1] [error] Error: Unable to read file '/home/immanuwel/.vscode/extensions/hridoy.rails-snippets-1.0.8/snippets/helper/form-bootstrap.json' (EntryNotFound (FileSystemError): Error: ENOENT: no such file or directory, open '/home/immanuwel/.vscode/extensions/hridoy.rails-snippets-1.0.8/snippets/helper/form-bootstrap.json')
    at b.doReadAsFileStream (file:///usr/share/code/resources/app/out/vs/workbench/workbench.desktop.main.js:1695:7) file:///home/immanuwel/.vscode/extensions/hridoy.rails-snippets-1.0.8/snippets/helper/form-bootstrap.json
[2020-07-24 18:39:50.176] [renderer1] [error] Error: Unable to read file '/home/immanuwel/.vscode/extensions/hridoy.rails-snippets-1.0.8/snippets/denug/log.json' (EntryNotFound (FileSystemError): Error: ENOENT: no such file or directory, open '/home/immanuwel/.vscode/extensions/hridoy.rails-snippets-1.0.8/snippets/denug/log.json')
    at b.doReadAsFileStream (file:///usr/share/code/resources/app/out/vs/workbench/workbench.desktop.main.js:1695:7) file:///home/immanuwel/.vscode/extensions/hridoy.rails-snippets-1.0.8/snippets/denug/log.json
[2020-07-24 18:39:50.176] [renderer1] [error] Error: Unable to read file '/home/immanuwel/.vscode/extensions/hridoy.rails-snippets-1.0.8/snippets/helper/form-bootstrap.json' (EntryNotFound (FileSystemError): Error: ENOENT: no such file or directory, open '/home/immanuwel/.vscode/extensions/hridoy.rails-snippets-1.0.8/snippets/helper/form-bootstrap.json')
    at b.doReadAsFileStream (file:///usr/share/code/resources/app/out/vs/workbench/workbench.desktop.main.js:1695:7) file:///home/immanuwel/.vscode/extensions/hridoy.rails-snippets-1.0.8/snippets/helper/form-bootstrap.json
[2020-07-24 18:39:51.391] [renderer1] [error] Error: Unable to read file '/home/immanuwel/.vscode/extensions/hridoy.rails-snippets-1.0.8/snippets/denug/log.json' (EntryNotFound (FileSystemError): Error: ENOENT: no such file or directory, open '/home/immanuwel/.vscode/extensions/hridoy.rails-snippets-1.0.8/snippets/denug/log.json')
    at b.doReadAsFileStream (file:///usr/share/code/resources/app/out/vs/workbench/workbench.desktop.main.js:1695:7) file:///home/immanuwel/.vscode/extensions/hridoy.rails-snippets-1.0.8/snippets/denug/log.json
[2020-07-24 18:39:51.391] [renderer1] [error] Error: Unable to read file '/home/immanuwel/.vscode/extensions/hridoy.rails-snippets-1.0.8/snippets/helper/form-bootstrap.json' (EntryNotFound (FileSystemError): Error: ENOENT: no such file or directory, open '/home/immanuwel/.vscode/extensions/hridoy.rails-snippets-1.0.8/snippets/helper/form-bootstrap.json')
    at b.doReadAsFileStream (file:///usr/share/code/resources/app/out/vs/workbench/workbench.desktop.main.js:1695:7) file:///home/immanuwel/.vscode/extensions/hridoy.rails-snippets-1.0.8/snippets/helper/form-bootstrap.json
[2020-07-24 18:39:51.539] [renderer1] [error] Error: Unable to read file '/home/immanuwel/.vscode/extensions/hridoy.rails-snippets-1.0.8/snippets/denug/log.json' (EntryNotFound (FileSystemError): Error: ENOENT: no such file or directory, open '/home/immanuwel/.vscode/extensions/hridoy.rails-snippets-1.0.8/snippets/denug/log.json')
    at b.doReadAsFileStream (file:///usr/share/code/resources/app/out/vs/workbench/workbench.desktop.main.js:1695:7) file:///home/immanuwel/.vscode/extensions/hridoy.rails-snippets-1.0.8/snippets/denug/log.json
[2020-07-24 18:39:51.539] [renderer1] [error] Error: Unable to read file '/home/immanuwel/.vscode/extensions/hridoy.rails-snippets-1.0.8/snippets/helper/form-bootstrap.json' (EntryNotFound (FileSystemError): Error: ENOENT: no such file or directory, open '/home/immanuwel/.vscode/extensions/hridoy.rails-snippets-1.0.8/snippets/helper/form-bootstrap.json')
    at b.doReadAsFileStream (file:///usr/share/code/resources/app/out/vs/workbench/workbench.desktop.main.js:1695:7) file:///home/immanuwel/.vscode/extensions/hridoy.rails-snippets-1.0.8/snippets/helper/form-bootstrap.json
[2020-07-24 18:39:52.037] [renderer1] [error] Error: Unable to read file '/home/immanuwel/.vscode/extensions/hridoy.rails-snippets-1.0.8/snippets/denug/log.json' (EntryNotFound (FileSystemError): Error: ENOENT: no such file or directory, open '/home/immanuwel/.vscode/extensions/hridoy.rails-snippets-1.0.8/snippets/denug/log.json')
    at b.doReadAsFileStream (file:///usr/share/code/resources/app/out/vs/workbench/workbench.desktop.main.js:1695:7) file:///home/immanuwel/.vscode/extensions/hridoy.rails-snippets-1.0.8/snippets/denug/log.json
[2020-07-24 18:39:52.037] [renderer1] [error] Error: Unable to read file '/home/immanuwel/.vscode/extensions/hridoy.rails-snippets-1.0.8/snippets/helper/form-bootstrap.json' (EntryNotFound (FileSystemError): Error: ENOENT: no such file or directory, open '/home/immanuwel/.vscode/extensions/hridoy.rails-snippets-1.0.8/snippets/helper/form-bootstrap.json')
    at b.doReadAsFileStream (file:///usr/share/code/resources/app/out/vs/workbench/workbench.desktop.main.js:1695:7) file:///home/immanuwel/.vscode/extensions/hridoy.rails-snippets-1.0.8/snippets/helper/form-bootstrap.json
[2020-07-24 18:39:52.063] [renderer1] [error] Error: Unable to read file '/home/immanuwel/.vscode/extensions/hridoy.rails-snippets-1.0.8/snippets/denug/log.json' (EntryNotFound (FileSystemError): Error: ENOENT: no such file or directory, open '/home/immanuwel/.vscode/extensions/hridoy.rails-snippets-1.0.8/snippets/denug/log.json')
    at b.doReadAsFileStream (file:///usr/share/code/resources/app/out/vs/workbench/workbench.desktop.main.js:1695:7) file:///home/immanuwel/.vscode/extensions/hridoy.rails-snippets-1.0.8/snippets/denug/log.json
[2020-07-24 18:39:52.063] [renderer1] [error] Error: Unable to read file '/home/immanuwel/.vscode/extensions/hridoy.rails-snippets-1.0.8/snippets/helper/form-bootstrap.json' (EntryNotFound (FileSystemError): Error: ENOENT: no such file or directory, open '/home/immanuwel/.vscode/extensions/hridoy.rails-snippets-1.0.8/snippets/helper/form-bootstrap.json')
    at b.doReadAsFileStream (file:///usr/share/code/resources/app/out/vs/workbench/workbench.desktop.main.js:1695:7) file:///home/immanuwel/.vscode/extensions/hridoy.rails-snippets-1.0.8/snippets/helper/form-bootstrap.json
[2020-07-24 18:39:52.096] [renderer1] [error] Error: Unable to read file '/home/immanuwel/.vscode/extensions/hridoy.rails-snippets-1.0.8/snippets/denug/log.json' (EntryNotFound (FileSystemError): Error: ENOENT: no such file or directory, open '/home/immanuwel/.vscode/extensions/hridoy.rails-snippets-1.0.8/snippets/denug/log.json')
    at b.doReadAsFileStream (file:///usr/share/code/resources/app/out/vs/workbench/workbench.desktop.main.js:1695:7) file:///home/immanuwel/.vscode/extensions/hridoy.rails-snippets-1.0.8/snippets/denug/log.json
[2020-07-24 18:39:52.096] [renderer1] [error] Error: Unable to read file '/home/immanuwel/.vscode/extensions/hridoy.rails-snippets-1.0.8/snippets/helper/form-bootstrap.json' (EntryNotFound (FileSystemError): Error: ENOENT: no such file or directory, open '/home/immanuwel/.vscode/extensions/hridoy.rails-snippets-1.0.8/snippets/helper/form-bootstrap.json')
    at b.doReadAsFileStream (file:///usr/share/code/resources/app/out/vs/workbench/workbench.desktop.main.js:1695:7) file:///home/immanuwel/.vscode/extensions/hridoy.rails-snippets-1.0.8/snippets/helper/form-bootstrap.json
[2020-07-24 18:39:52.241] [renderer1] [error] Error: Unable to read file '/home/immanuwel/.vscode/extensions/hridoy.rails-snippets-1.0.8/snippets/denug/log.json' (EntryNotFound (FileSystemError): Error: ENOENT: no such file or directory, open '/home/immanuwel/.vscode/extensions/hridoy.rails-snippets-1.0.8/snippets/denug/log.json')
    at b.doReadAsFileStream (file:///usr/share/code/resources/app/out/vs/workbench/workbench.desktop.main.js:1695:7) file:///home/immanuwel/.vscode/extensions/hridoy.rails-snippets-1.0.8/snippets/denug/log.json
[2020-07-24 18:39:52.242] [renderer1] [error] Error: Unable to read file '/home/immanuwel/.vscode/extensions/hridoy.rails-snippets-1.0.8/snippets/helper/form-bootstrap.json' (EntryNotFound (FileSystemError): Error: ENOENT: no such file or directory, open '/home/immanuwel/.vscode/extensions/hridoy.rails-snippets-1.0.8/snippets/helper/form-bootstrap.json')
    at b.doReadAsFileStream (file:///usr/share/code/resources/app/out/vs/workbench/workbench.desktop.main.js:1695:7) file:///home/immanuwel/.vscode/extensions/hridoy.rails-snippets-1.0.8/snippets/helper/form-bootstrap.json
[2020-07-24 18:39:52.969] [renderer1] [error] Error: Unable to read file '/home/immanuwel/.vscode/extensions/hridoy.rails-snippets-1.0.8/snippets/denug/log.json' (EntryNotFound (FileSystemError): Error: ENOENT: no such file or directory, open '/home/immanuwel/.vscode/extensions/hridoy.rails-snippets-1.0.8/snippets/denug/log.json')
    at b.doReadAsFileStream (file:///usr/share/code/resources/app/out/vs/workbench/workbench.desktop.main.js:1695:7) file:///home/immanuwel/.vscode/extensions/hridoy.rails-snippets-1.0.8/snippets/denug/log.json
[2020-07-24 18:39:52.969] [renderer1] [error] Error: Unable to read file '/home/immanuwel/.vscode/extensions/hridoy.rails-snippets-1.0.8/snippets/helper/form-bootstrap.json' (EntryNotFound (FileSystemError): Error: ENOENT: no such file or directory, open '/home/immanuwel/.vscode/extensions/hridoy.rails-snippets-1.0.8/snippets/helper/form-bootstrap.json')
    at b.doReadAsFileStream (file:///usr/share/code/resources/app/out/vs/workbench/workbench.desktop.main.js:1695:7) file:///home/immanuwel/.vscode/extensions/hridoy.rails-snippets-1.0.8/snippets/helper/form-bootstrap.json
[2020-07-24 18:39:53.190] [renderer1] [error] Error: Unable to read file '/home/immanuwel/.vscode/extensions/hridoy.rails-snippets-1.0.8/snippets/denug/log.json' (EntryNotFound (FileSystemError): Error: ENOENT: no such file or directory, open '/home/immanuwel/.vscode/extensions/hridoy.rails-snippets-1.0.8/snippets/denug/log.json')
    at b.doReadAsFileStream (file:///usr/share/code/resources/app/out/vs/workbench/workbench.desktop.main.js:1695:7) file:///home/immanuwel/.vscode/extensions/hridoy.rails-snippets-1.0.8/snippets/denug/log.json
[2020-07-24 18:39:53.190] [renderer1] [error] Error: Unable to read file '/home/immanuwel/.vscode/extensions/hridoy.rails-snippets-1.0.8/snippets/helper/form-bootstrap.json' (EntryNotFound (FileSystemError): Error: ENOENT: no such file or directory, open '/home/immanuwel/.vscode/extensions/hridoy.rails-snippets-1.0.8/snippets/helper/form-bootstrap.json')
    at b.doReadAsFileStream (file:///usr/share/code/resources/app/out/vs/workbench/workbench.desktop.main.js:1695:7) file:///home/immanuwel/.vscode/extensions/hridoy.rails-snippets-1.0.8/snippets/helper/form-bootstrap.json
[2020-07-24 18:39:53.396] [renderer1] [error] Error: Unable to read file '/home/immanuwel/.vscode/extensions/hridoy.rails-snippets-1.0.8/snippets/denug/log.json' (EntryNotFound (FileSystemError): Error: ENOENT: no such file or directory, open '/home/immanuwel/.vscode/extensions/hridoy.rails-snippets-1.0.8/snippets/denug/log.json')
    at b.doReadAsFileStream (file:///usr/share/code/resources/app/out/vs/workbench/workbench.desktop.main.js:1695:7) file:///home/immanuwel/.vscode/extensions/hridoy.rails-snippets-1.0.8/snippets/denug/log.json
[2020-07-24 18:39:53.397] [renderer1] [error] Error: Unable to read file '/home/immanuwel/.vscode/extensions/hridoy.rails-snippets-1.0.8/snippets/helper/form-bootstrap.json' (EntryNotFound (FileSystemError): Error: ENOENT: no such file or directory, open '/home/immanuwel/.vscode/extensions/hridoy.rails-snippets-1.0.8/snippets/helper/form-bootstrap.json')
    at b.doReadAsFileStream (file:///usr/share/code/resources/app/out/vs/workbench/workbench.desktop.main.js:1695:7) file:///home/immanuwel/.vscode/extensions/hridoy.rails-snippets-1.0.8/snippets/helper/form-bootstrap.json
[2020-07-24 18:39:54.252] [renderer1] [error] Error: Unable to read file '/home/immanuwel/.vscode/extensions/hridoy.rails-snippets-1.0.8/snippets/denug/log.json' (EntryNotFound (FileSystemError): Error: ENOENT: no such file or directory, open '/home/immanuwel/.vscode/extensions/hridoy.rails-snippets-1.0.8/snippets/denug/log.json')
    at b.doReadAsFileStream (file:///usr/share/code/resources/app/out/vs/workbench/workbench.desktop.main.js:1695:7) file:///home/immanuwel/.vscode/extensions/hridoy.rails-snippets-1.0.8/snippets/denug/log.json
[2020-07-24 18:39:54.252] [renderer1] [error] Error: Unable to read file '/home/immanuwel/.vscode/extensions/hridoy.rails-snippets-1.0.8/snippets/helper/form-bootstrap.json' (EntryNotFound (FileSystemError): Error: ENOENT: no such file or directory, open '/home/immanuwel/.vscode/extensions/hridoy.rails-snippets-1.0.8/snippets/helper/form-bootstrap.json')
    at b.doReadAsFileStream (file:///usr/share/code/resources/app/out/vs/workbench/workbench.desktop.main.js:1695:7) file:///home/immanuwel/.vscode/extensions/hridoy.rails-snippets-1.0.8/snippets/helper/form-bootstrap.json
[2020-07-24 18:39:54.372] [renderer1] [error] Error: Unable to read file '/home/immanuwel/.vscode/extensions/hridoy.rails-snippets-1.0.8/snippets/denug/log.json' (EntryNotFound (FileSystemError): Error: ENOENT: no such file or directory, open '/home/immanuwel/.vscode/extensions/hridoy.rails-snippets-1.0.8/snippets/denug/log.json')
    at b.doReadAsFileStream (file:///usr/share/code/resources/app/out/vs/workbench/workbench.desktop.main.js:1695:7) file:///home/immanuwel/.vscode/extensions/hridoy.rails-snippets-1.0.8/snippets/denug/log.json
[2020-07-24 18:39:54.372] [renderer1] [error] Error: Unable to read file '/home/immanuwel/.vscode/extensions/hridoy.rails-snippets-1.0.8/snippets/helper/form-bootstrap.json' (EntryNotFound (FileSystemError): Error: ENOENT: no such file or directory, open '/home/immanuwel/.vscode/extensions/hridoy.rails-snippets-1.0.8/snippets/helper/form-bootstrap.json')
    at b.doReadAsFileStream (file:///usr/share/code/resources/app/out/vs/workbench/workbench.desktop.main.js:1695:7) file:///home/immanuwel/.vscode/extensions/hridoy.rails-snippets-1.0.8/snippets/helper/form-bootstrap.json
[2020-07-24 18:39:54.590] [renderer1] [error] Error: Unable to read file '/home/immanuwel/.vscode/extensions/hridoy.rails-snippets-1.0.8/snippets/denug/log.json' (EntryNotFound (FileSystemError): Error: ENOENT: no such file or directory, open '/home/immanuwel/.vscode/extensions/hridoy.rails-snippets-1.0.8/snippets/denug/log.json')
    at b.doReadAsFileStream (file:///usr/share/code/resources/app/out/vs/workbench/workbench.desktop.main.js:1695:7) file:///home/immanuwel/.vscode/extensions/hridoy.rails-snippets-1.0.8/snippets/denug/log.json
[2020-07-24 18:39:54.590] [renderer1] [error] Error: Unable to read file '/home/immanuwel/.vscode/extensions/hridoy.rails-snippets-1.0.8/snippets/helper/form-bootstrap.json' (EntryNotFound (FileSystemError): Error: ENOENT: no such file or directory, open '/home/immanuwel/.vscode/extensions/hridoy.rails-snippets-1.0.8/snippets/helper/form-bootstrap.json')
    at b.doReadAsFileStream (file:///usr/share/code/resources/app/out/vs/workbench/workbench.desktop.main.js:1695:7) file:///home/immanuwel/.vscode/extensions/hridoy.rails-snippets-1.0.8/snippets/helper/form-bootstrap.json
[2020-07-24 18:39:56.730] [renderer1] [error] Error: Unable to read file '/home/immanuwel/.vscode/extensions/hridoy.rails-snippets-1.0.8/snippets/denug/log.json' (EntryNotFound (FileSystemError): Error: ENOENT: no such file or directory, open '/home/immanuwel/.vscode/extensions/hridoy.rails-snippets-1.0.8/snippets/denug/log.json')
    at b.doReadAsFileStream (file:///usr/share/code/resources/app/out/vs/workbench/workbench.desktop.main.js:1695:7) file:///home/immanuwel/.vscode/extensions/hridoy.rails-snippets-1.0.8/snippets/denug/log.json
[2020-07-24 18:39:56.731] [renderer1] [error] Error: Unable to read file '/home/immanuwel/.vscode/extensions/hridoy.rails-snippets-1.0.8/snippets/helper/form-bootstrap.json' (EntryNotFound (FileSystemError): Error: ENOENT: no such file or directory, open '/home/immanuwel/.vscode/extensions/hridoy.rails-snippets-1.0.8/snippets/helper/form-bootstrap.json')
    at b.doReadAsFileStream (file:///usr/share/code/resources/app/out/vs/workbench/workbench.desktop.main.js:1695:7) file:///home/immanuwel/.vscode/extensions/hridoy.rails-snippets-1.0.8/snippets/helper/form-bootstrap.json
[2020-07-24 18:39:57.193] [renderer1] [error] Error: Unable to read file '/home/immanuwel/.vscode/extensions/hridoy.rails-snippets-1.0.8/snippets/denug/log.json' (EntryNotFound (FileSystemError): Error: ENOENT: no such file or directory, open '/home/immanuwel/.vscode/extensions/hridoy.rails-snippets-1.0.8/snippets/denug/log.json')
    at b.doReadAsFileStream (file:///usr/share/code/resources/app/out/vs/workbench/workbench.desktop.main.js:1695:7) file:///home/immanuwel/.vscode/extensions/hridoy.rails-snippets-1.0.8/snippets/denug/log.json
[2020-07-24 18:39:57.193] [renderer1] [error] Error: Unable to read file '/home/immanuwel/.vscode/extensions/hridoy.rails-snippets-1.0.8/snippets/helper/form-bootstrap.json' (EntryNotFound (FileSystemError): Error: ENOENT: no such file or directory, open '/home/immanuwel/.vscode/extensions/hridoy.rails-snippets-1.0.8/snippets/helper/form-bootstrap.json')
    at b.doReadAsFileStream (file:///usr/share/code/resources/app/out/vs/workbench/workbench.desktop.main.js:1695:7) file:///home/immanuwel/.vscode/extensions/hridoy.rails-snippets-1.0.8/snippets/helper/form-bootstrap.json
[2020-07-24 18:39:58.767] [renderer1] [error] Error: Unable to read file '/home/immanuwel/.vscode/extensions/hridoy.rails-snippets-1.0.8/snippets/denug/log.json' (EntryNotFound (FileSystemError): Error: ENOENT: no such file or directory, open '/home/immanuwel/.vscode/extensions/hridoy.rails-snippets-1.0.8/snippets/denug/log.json')
    at b.doReadAsFileStream (file:///usr/share/code/resources/app/out/vs/workbench/workbench.desktop.main.js:1695:7) file:///home/immanuwel/.vscode/extensions/hridoy.rails-snippets-1.0.8/snippets/denug/log.json
[2020-07-24 18:39:58.767] [renderer1] [error] Error: Unable to read file '/home/immanuwel/.vscode/extensions/hridoy.rails-snippets-1.0.8/snippets/helper/form-bootstrap.json' (EntryNotFound (FileSystemError): Error: ENOENT: no such file or directory, open '/home/immanuwel/.vscode/extensions/hridoy.rails-snippets-1.0.8/snippets/helper/form-bootstrap.json')
    at b.doReadAsFileStream (file:///usr/share/code/resources/app/out/vs/workbench/workbench.desktop.main.js:1695:7) file:///home/immanuwel/.vscode/extensions/hridoy.rails-snippets-1.0.8/snippets/helper/form-bootstrap.json
[2020-07-24 18:39:59.251] [renderer1] [error] Error: Unable to read file '/home/immanuwel/.vscode/extensions/hridoy.rails-snippets-1.0.8/snippets/denug/log.json' (EntryNotFound (FileSystemError): Error: ENOENT: no such file or directory, open '/home/immanuwel/.vscode/extensions/hridoy.rails-snippets-1.0.8/snippets/denug/log.json')
    at b.doReadAsFileStream (file:///usr/share/code/resources/app/out/vs/workbench/workbench.desktop.main.js:1695:7) file:///home/immanuwel/.vscode/extensions/hridoy.rails-snippets-1.0.8/snippets/denug/log.json
[2020-07-24 18:39:59.251] [renderer1] [error] Error: Unable to read file '/home/immanuwel/.vscode/extensions/hridoy.rails-snippets-1.0.8/snippets/helper/form-bootstrap.json' (EntryNotFound (FileSystemError): Error: ENOENT: no such file or directory, open '/home/immanuwel/.vscode/extensions/hridoy.rails-snippets-1.0.8/snippets/helper/form-bootstrap.json')
    at b.doReadAsFileStream (file:///usr/share/code/resources/app/out/vs/workbench/workbench.desktop.main.js:1695:7) file:///home/immanuwel/.vscode/extensions/hridoy.rails-snippets-1.0.8/snippets/helper/form-bootstrap.json
[2020-07-24 18:40:05.592] [renderer1] [error] Error: Unable to read file '/home/immanuwel/.vscode/extensions/hridoy.rails-snippets-1.0.8/snippets/denug/log.json' (EntryNotFound (FileSystemError): Error: ENOENT: no such file or directory, open '/home/immanuwel/.vscode/extensions/hridoy.rails-snippets-1.0.8/snippets/denug/log.json')
    at b.doReadAsFileStream (file:///usr/share/code/resources/app/out/vs/workbench/workbench.desktop.main.js:1695:7) file:///home/immanuwel/.vscode/extensions/hridoy.rails-snippets-1.0.8/snippets/denug/log.json
[2020-07-24 18:40:05.592] [renderer1] [error] Error: Unable to read file '/home/immanuwel/.vscode/extensions/hridoy.rails-snippets-1.0.8/snippets/helper/form-bootstrap.json' (EntryNotFound (FileSystemError): Error: ENOENT: no such file or directory, open '/home/immanuwel/.vscode/extensions/hridoy.rails-snippets-1.0.8/snippets/helper/form-bootstrap.json')
    at b.doReadAsFileStream (file:///usr/share/code/resources/app/out/vs/workbench/workbench.desktop.main.js:1695:7) file:///home/immanuwel/.vscode/extensions/hridoy.rails-snippets-1.0.8/snippets/helper/form-bootstrap.json
[2020-07-24 19:56:27.698] [renderer1] [error] Git error
